   1                             		.file	"hwinit.c"
   2                             		.section P,"ax"
   3                             	.Ltext0:
   4                             		.section	.text.HardwareSetup,"ax",@progbits
   5                             		.global	_HardwareSetup
   7                             	_HardwareSetup:
   8                             	.LFB0:
   9                             		.file 1 "../generate/hwinit.c"
   1:../generate/hwinit.c **** /************************************************************************/
   2:../generate/hwinit.c **** /*    File Version: V1.00                                               */
   3:../generate/hwinit.c **** /*    Date Generated: 21/07/2015                                        */
   4:../generate/hwinit.c **** /************************************************************************/
   5:../generate/hwinit.c **** 
   6:../generate/hwinit.c **** #include "iodefine.h"
   7:../generate/hwinit.c **** 
   8:../generate/hwinit.c **** extern void HardwareSetup(void);
   9:../generate/hwinit.c **** 
  10:../generate/hwinit.c **** void HardwareSetup(void)
  11:../generate/hwinit.c **** {
  10                             		.loc 1 11 1 view -0
  12:../generate/hwinit.c **** /*
  13:../generate/hwinit.c ****  BSC.CS0MOD.WORD = 0x1234;
  14:../generate/hwinit.c ****  BSC.CS7CNT.WORD = 0x5678;
  15:../generate/hwinit.c ****   
  16:../generate/hwinit.c ****  SCI0.SCR.BIT.TE  = 0;
  17:../generate/hwinit.c ****  SCI0.SCR.BIT.RE  = 0;
  18:../generate/hwinit.c ****  SCI0.SCR.BIT.TE  = 1;
  19:../generate/hwinit.c ****  SCI2.SSR.BIT.PER = 0;
  20:../generate/hwinit.c **** 
  21:../generate/hwinit.c ****  TMR0.TCR.BYTE = 0x12;
  22:../generate/hwinit.c ****  TMR1.TCR.BYTE = 0x12;
  23:../generate/hwinit.c ****  TMR2.TCR.BYTE = 0x12;
  24:../generate/hwinit.c ****  
  25:../generate/hwinit.c ****  P0.DDR.BYTE = 0x12;
  26:../generate/hwinit.c ****  P1.DDR.BYTE = 0x12;
  27:../generate/hwinit.c **** */
  28:../generate/hwinit.c **** }
  11                             		.loc 1 28 1 view .LVU1
  12 0000 02                      		rts
  13                             	.LFE0:
  41                             	.Letext0:
