   1                             		.file	"main.c"
   2                             		.section P,"ax"
   3                             	.Ltext0:
   4                             		.section	.text.main,"ax",@progbits
   5                             		.global	_main
   7                             	_main:
   8                             	.LFB0:
   9                             		.file 1 "../src/main.c"
   1:../src/main.c **** /***************************************************************/
   2:../src/main.c **** /*                                                             */
   3:../src/main.c **** /*      PROJECT NAME :  rx231_basic                            */
   4:../src/main.c **** /*      FILE         :  rx231_basic.c                          */
   5:../src/main.c **** /*      DESCRIPTION  :  Main Program                           */
   6:../src/main.c **** /*                                                             */
   7:../src/main.c **** /*      This file was generated by e2 studio.                  */
   8:../src/main.c **** /*                                                             */
   9:../src/main.c **** /***************************************************************/
  10:../src/main.c **** 
  11:../src/main.c **** 
  12:../src/main.c **** #include "common.h"
  13:../src/main.c **** #include "crc.h"
  14:../src/main.c **** 
  15:../src/main.c **** 
  16:../src/main.c **** 
  17:../src/main.c **** 
  18:../src/main.c **** //! UART通信時のコマンド受付用バッファ
  19:../src/main.c **** volatile uint8_t cmd_buf[0x100];
  20:../src/main.c **** 
  21:../src/main.c **** 
  22:../src/main.c **** 
  23:../src/main.c **** int main(void) {
  10                             		.loc 1 23 16 view -0
  11                             	.L2:
  24:../src/main.c **** 
  25:../src/main.c **** 
  26:../src/main.c **** 	// メインループ
  27:../src/main.c **** 	while (1) {
  12                             		.loc 1 27 2 discriminator 1 view .LVU1
  28:../src/main.c **** 
  29:../src/main.c **** 
  30:../src/main.c **** 
  31:../src/main.c **** 	}
  13                             		.loc 1 31 2 discriminator 1 view .LVU2
  14 0000 2E 00                   		bra	.L2
  15                             	.LFE0:
  17                             		.comm	_cmd_buf,256,1
  44                             	.Letext0:
  45                             		.file 2 "c:\\programdata\\gcc for renesas rx 8.3.0.202311-gnurx-elf\\rx-elf\\rx-elf\\rx-elf\\inclu
  46                             		.file 3 "c:\\programdata\\gcc for renesas rx 8.3.0.202311-gnurx-elf\\rx-elf\\rx-elf\\rx-elf\\inclu
