   1                             		.file	"rx231_basic.c"
   2                             		.section P,"ax"
   3                             	.Ltext0:
   4                             		.section	.text.main,"ax",@progbits
   5                             		.global	_main
   7                             	_main:
   8                             	.LFB0:
   9                             		.file 1 "../src/rx231_basic.c"
   1:../src/rx231_basic.c **** /***************************************************************/
   2:../src/rx231_basic.c **** /*                                                             */
   3:../src/rx231_basic.c **** /*      PROJECT NAME :  rx231_basic                            */
   4:../src/rx231_basic.c **** /*      FILE         :  rx231_basic.c                          */
   5:../src/rx231_basic.c **** /*      DESCRIPTION  :  Main Program                           */
   6:../src/rx231_basic.c **** /*                                                             */
   7:../src/rx231_basic.c **** /*      This file was generated by e2 studio.                  */
   8:../src/rx231_basic.c **** /*                                                             */
   9:../src/rx231_basic.c **** /***************************************************************/
  10:../src/rx231_basic.c **** 
  11:../src/rx231_basic.c **** #include "iodefine.h"
  12:../src/rx231_basic.c **** #include <stdint.h>
  13:../src/rx231_basic.c **** 
  14:../src/rx231_basic.c **** 
  15:../src/rx231_basic.c **** 
  16:../src/rx231_basic.c **** 
  17:../src/rx231_basic.c **** 
  18:../src/rx231_basic.c **** int main(void) {
  10                             		.loc 1 18 16 view -0
  11 0000 60 40                   		sub	#4, r0
  12                             	.LCFI0:
  19:../src/rx231_basic.c **** 
  20:../src/rx231_basic.c **** 	volatile int a = 0;
  13                             		.loc 1 20 2 view .LVU1
  14                             		.loc 1 20 15 is_stmt 0 view .LVU2
  15 0002 F8 06 00                		mov.L	#0, [r0]
  16                             	.L2:
  21:../src/rx231_basic.c **** 
  22:../src/rx231_basic.c **** 
  23:../src/rx231_basic.c **** 	while (1) {
  17                             		.loc 1 23 2 is_stmt 1 discriminator 1 view .LVU3
  24:../src/rx231_basic.c **** 
  25:../src/rx231_basic.c **** 
  26:../src/rx231_basic.c ****     }
  18                             		.loc 1 26 5 discriminator 1 view .LVU4
  19 0005 2E 00                   		bra	.L2
  20                             	.LFE0:
  52                             	.Letext0:
